<?xml version="1.0" encoding="UTF-8"?>
<!-- Generated by org.testng.reporters.JUnitReportReporter -->
<testsuite skipped="0" hostname="XTZ-01705230325" name="com.datapro.GetTVChannalTest2" tests="1" failures="0" timestamp="05 六月 2017 05:20:46 GMT" time="0.519" errors="0">
  <testcase name="mytest" time="0.519" classname="com.datapro.GetTVChannalTest2"/>
</testsuite> <!-- com.datapro.GetTVChannalTest2 -->
