<?xml version="1.0" encoding="UTF-8"?>
<!-- Generated by org.testng.reporters.JUnitReportReporter -->
<testsuite skipped="0" hostname="XTZ-01705230325" name="com.demo.NewTest" tests="1" failures="0" timestamp="05 六月 2017 01:38:17 GMT" time="0.004" errors="0">
  <testcase name="f" time="0.004" classname="com.demo.NewTest"/>
</testsuite> <!-- com.demo.NewTest -->
