<?xml version="1.0" encoding="UTF-8"?>
<!-- Generated by org.testng.reporters.JUnitReportReporter -->
<testsuite skipped="0" hostname="XTZ-01705230325" name="com.datapro.GetTVChannalTest" tests="1" failures="0" timestamp="05 六月 2017 05:18:39 GMT" time="3.540" errors="0">
  <testcase name="mytest" time="3.540" classname="com.datapro.GetTVChannalTest"/>
</testsuite> <!-- com.datapro.GetTVChannalTest -->
